GAS LISTING /tmp/ccW4zsrE.s 			page 1


   1              		.file	"syscall.c"
   2              		.option nopic
   3              		.option norelax
   4              		.attribute arch, "rv64i2p0_m2p0_a2p0"
   5              		.attribute unaligned_access, 0
   6              		.attribute stack_align, 16
   7              		.text
   8              	.Ltext0:
   9              		.cfi_sections	.debug_frame
  10              		.align	2
  11              		.globl	mem_alloc
  13              	mem_alloc:
  14              	.LFB0:
  15              		.file 1 "src/syscall.c"
   1:src/syscall.c **** #include "../h/syscall.hpp"
   2:src/syscall.c **** 
   3:src/syscall.c **** void* mem_alloc(size_t size){
  16              		.loc 1 3 29
  17              		.cfi_startproc
  18              	.LVL0:
  19 0000 130101FF 		addi	sp,sp,-16
  20              		.cfi_def_cfa_offset 16
  21 0004 23348100 		sd	s0,8(sp)
  22              		.cfi_offset 8, -8
  23 0008 13040101 		addi	s0,sp,16
  24              		.cfi_def_cfa 8, 0
   4:src/syscall.c ****     return 0;
  25              		.loc 1 4 5
   5:src/syscall.c **** }
  26              		.loc 1 5 1 is_stmt 0
  27 000c 13050000 		li	a0,0
  28              	.LVL1:
  29 0010 03348100 		ld	s0,8(sp)
  30              		.cfi_restore 8
  31              		.cfi_def_cfa 2, 16
  32 0014 13010101 		addi	sp,sp,16
  33              		.cfi_def_cfa_offset 0
  34 0018 67800000 		jr	ra
  35              		.cfi_endproc
  36              	.LFE0:
  38              		.align	2
  39              		.globl	mem_free
  41              	mem_free:
  42              	.LFB1:
   6:src/syscall.c **** 
   7:src/syscall.c **** int mem_free(void* addr){
  43              		.loc 1 7 25 is_stmt 1
  44              		.cfi_startproc
  45              	.LVL2:
  46 001c 130101FF 		addi	sp,sp,-16
  47              		.cfi_def_cfa_offset 16
  48 0020 23348100 		sd	s0,8(sp)
  49              		.cfi_offset 8, -8
  50 0024 13040101 		addi	s0,sp,16
  51              		.cfi_def_cfa 8, 0
   8:src/syscall.c ****     return 0;
  52              		.loc 1 8 5
GAS LISTING /tmp/ccW4zsrE.s 			page 2


   9:src/syscall.c **** }...
  53              		.loc 1 9 1 is_stmt 0
  54 0028 13050000 		li	a0,0
  55              	.LVL3:
  56 002c 03348100 		ld	s0,8(sp)
  57              		.cfi_restore 8
  58              		.cfi_def_cfa 2, 16
  59 0030 13010101 		addi	sp,sp,16
  60              		.cfi_def_cfa_offset 0
  61 0034 67800000 		jr	ra
  62              		.cfi_endproc
  63              	.LFE1:
  65              	.Letext0:
  66              		.file 2 "src/../h/../lib/hw.h"
GAS LISTING /tmp/ccW4zsrE.s 			page 3


DEFINED SYMBOLS
                            *ABS*:0000000000000000 syscall.c
     /tmp/ccW4zsrE.s:13     .text:0000000000000000 mem_alloc
     /tmp/ccW4zsrE.s:17     .text:0000000000000000 .L0 
     /tmp/ccW4zsrE.s:19     .text:0000000000000000 .L0 
     /tmp/ccW4zsrE.s:20     .text:0000000000000004 .L0 
     /tmp/ccW4zsrE.s:22     .text:0000000000000008 .L0 
     /tmp/ccW4zsrE.s:24     .text:000000000000000c .L0 
     /tmp/ccW4zsrE.s:26     .text:000000000000000c .L0 
     /tmp/ccW4zsrE.s:27     .text:000000000000000c .L0 
     /tmp/ccW4zsrE.s:30     .text:0000000000000014 .L0 
     /tmp/ccW4zsrE.s:31     .text:0000000000000014 .L0 
     /tmp/ccW4zsrE.s:33     .text:0000000000000018 .L0 
     /tmp/ccW4zsrE.s:35     .text:000000000000001c .L0 
     /tmp/ccW4zsrE.s:41     .text:000000000000001c mem_free
     /tmp/ccW4zsrE.s:44     .text:000000000000001c .L0 
     /tmp/ccW4zsrE.s:46     .text:000000000000001c .L0 
     /tmp/ccW4zsrE.s:47     .text:0000000000000020 .L0 
     /tmp/ccW4zsrE.s:49     .text:0000000000000024 .L0 
     /tmp/ccW4zsrE.s:51     .text:0000000000000028 .L0 
     /tmp/ccW4zsrE.s:53     .text:0000000000000028 .L0 
     /tmp/ccW4zsrE.s:54     .text:0000000000000028 .L0 
     /tmp/ccW4zsrE.s:57     .text:0000000000000030 .L0 
     /tmp/ccW4zsrE.s:58     .text:0000000000000030 .L0 
     /tmp/ccW4zsrE.s:60     .text:0000000000000034 .L0 
     /tmp/ccW4zsrE.s:62     .text:0000000000000038 .L0 
     /tmp/ccW4zsrE.s:67     .text:0000000000000038 .L0 
                     .debug_frame:0000000000000000 .L0 
     /tmp/ccW4zsrE.s:200    .debug_abbrev:0000000000000000 .Ldebug_abbrev0
     /tmp/ccW4zsrE.s:438    .debug_str:0000000000000063 .LASF14
     /tmp/ccW4zsrE.s:426    .debug_str:000000000000000d .LASF15
     /tmp/ccW4zsrE.s:448    .debug_str:000000000000012c .LASF16
     /tmp/ccW4zsrE.s:8      .text:0000000000000000 .Ltext0
     /tmp/ccW4zsrE.s:65     .text:0000000000000038 .Letext0
     /tmp/ccW4zsrE.s:422    .debug_line:0000000000000000 .Ldebug_line0
     /tmp/ccW4zsrE.s:424    .debug_str:0000000000000000 .LASF0
     /tmp/ccW4zsrE.s:454    .debug_str:000000000000018c .LASF1
     /tmp/ccW4zsrE.s:446    .debug_str:000000000000011e .LASF2
     /tmp/ccW4zsrE.s:440    .debug_str:0000000000000102 .LASF4
     /tmp/ccW4zsrE.s:434    .debug_str:000000000000003b .LASF3
     /tmp/ccW4zsrE.s:430    .debug_str:000000000000002a .LASF5
     /tmp/ccW4zsrE.s:458    .debug_str:00000000000001a4 .LASF6
     /tmp/ccW4zsrE.s:452    .debug_str:0000000000000179 .LASF7
     /tmp/ccW4zsrE.s:428    .debug_str:000000000000001b .LASF8
     /tmp/ccW4zsrE.s:444    .debug_str:0000000000000112 .LASF9
     /tmp/ccW4zsrE.s:450    .debug_str:0000000000000163 .LASF10
     /tmp/ccW4zsrE.s:436    .debug_str:000000000000004d .LASF11
     /tmp/ccW4zsrE.s:442    .debug_str:0000000000000109 .LASF17
     /tmp/ccW4zsrE.s:42     .text:000000000000001c .LFB1
     /tmp/ccW4zsrE.s:63     .text:0000000000000038 .LFE1
     /tmp/ccW4zsrE.s:460    .debug_str:00000000000001b7 .LASF12
     /tmp/ccW4zsrE.s:381    .debug_loc:0000000000000000 .LLST1
     /tmp/ccW4zsrE.s:432    .debug_str:0000000000000031 .LASF18
     /tmp/ccW4zsrE.s:14     .text:0000000000000000 .LFB0
     /tmp/ccW4zsrE.s:36     .text:000000000000001c .LFE0
     /tmp/ccW4zsrE.s:456    .debug_str:000000000000019f .LASF13
     /tmp/ccW4zsrE.s:395    .debug_loc:0000000000000039 .LLST0
GAS LISTING /tmp/ccW4zsrE.s 			page 4


     /tmp/ccW4zsrE.s:45     .text:000000000000001c .LVL2
     /tmp/ccW4zsrE.s:55     .text:000000000000002c .LVL3
     /tmp/ccW4zsrE.s:18     .text:0000000000000000 .LVL0
     /tmp/ccW4zsrE.s:28     .text:0000000000000010 .LVL1
     /tmp/ccW4zsrE.s:68     .debug_info:0000000000000000 .Ldebug_info0

NO UNDEFINED SYMBOLS
